Arguments: 
  C:\Program Files\nodejs\node.exe C:\Program Files (x86)\Yarn\bin\yarn.js add -D @choerodon/agile@0.19.0 --registry https://nexus.choerodon.com.cn/repository/choerodon-npm/

PATH: 
  C:\ProgramData\DockerDesktop\version-bin;C:\Program Files\Docker\Docker\Resources\bin;C:\ProgramData\Oracle\Java\javapath;C:\Windows\system32;C:\Windows;C:\Windows\System32\Wbem;C:\Windows\System32\WindowsPowerShell\v1.0\;C:\Program Files (x86)\NVIDIA Corporation\PhysX\Common;C:\WINDOWS\system32;C:\WINDOWS;C:\WINDOWS\System32\Wbem;C:\WINDOWS\System32\WindowsPowerShell\v1.0\;C:\Program Files\Microsoft SQL Server\110\Tools\Binn\;C:\Program Files (x86)\GtkSharp\2.12\bin;E:\opencv\build\x86\vc12\bin;D:\Hugo\bin;C:\Program Files\Git\cmd;E:\opencv\build\x64\vc14\bin;D:\MongoDB\bin;C:\Program Files\Java\jdk1.8.0_92\bin;C:\Program Files\Java\jdk1.8.0_92\jre\bin;C:\Program Files (x86)\GnuWin32\bin;C:\Program Files\TortoiseGit\bin;C:\WINDOWS\System32\OpenSSH\;C:\Program Files (x86)\Yarn\bin\;C:\Program Files\NVIDIA Corporation\NVIDIA NvDLISR;D:\adb;C:\Program Files\Microsoft VS Code\bin;C:\WINDOWS\system32;C:\WINDOWS;C:\WINDOWS\System32\Wbem;C:\WINDOWS\System32\WindowsPowerShell\v1.0\;C:\WINDOWS\System32\OpenSSH\;C:\Program Files\nodejs\;C:\Users\wang\AppData\Local\Microsoft\WindowsApps;C:\Python27;C:\Python27\Scripts;C:\wamp64\bin\php\php5.6.25;C:\Program Files (x86)\Microsoft VS Code\bin;C:\Users\wang\AppData\Local\Android\sdk\platform-tools;C:\Users\wang\AppData\Local\Android\sdk\tools;C:\Users\wang\AppData\Local\Programs\Microsoft VS Code\bin;C:\Users\wang\AppData\Local\now-cli;C:\Users\wang\AppData\Local\Yarn\bin;C:\Users\wang\AppData\Local\BypassRuntm;C:\Users\wang\AppData\Roaming\npm

Yarn version: 
  1.10.1

Node version: 
  10.16.2

Platform: 
  win32 x64

Trace: 
  Error: EPERM: operation not permitted, unlink 'C:\Users\wang\Desktop\test-manager-service\node_modules\@choerodon\boot\tmp\dashboard.index.js'

npm manifest: 
  {
    "name": "@choerodon/testmanager",
    "routeName": "testManager",
    "version": "0.20.0",
    "description": "",
    "main": "./lib/index.js",
    "files": [
      "lib"
    ],
    "dependencies": {
      "echarts": "^4.1.0",
      "echarts-for-react": "^2.0.14",
      "file-saver": "^1.3.8",
      "highlight.js": "^9.13.1",
      "moment-range": "^4.0.1",
      "quill-delta-to-html": "^0.8.4",
      "react-beautiful-dnd": "^9.0.2",
      "react-codemirror": "^1.0.0",
      "react-color": "^2.14.1",
      "react-fast-compare": "^2.0.4",
      "react-image-lightbox": "^4.6.0",
      "react-quill": "^1.3.0",
      "rxjs-compat": "^6.5.2",
      "shallowequal": "^1.1.0",
      "timeago-react": "2.0.0",
      "yamljs": "^0.3.0"
    },
    "devDependencies": {
      "@choerodon/boot": "0.20.x",
      "@choerodon/master": "0.20.x",
      "babel-preset-env": "^1.7.0",
      "gulp": "^3.9.1",
      "gulp-babel": "^7.0.1",
      "through2": "^2.0.3"
    },
    "scripts": {
      "start": "choerodon-front-boot start --config ./react/config.js",
      "dist": "choerodon-front-boot dist --config ./react/config.js",
      "lint-staged": "lint-staged",
      "lint-staged:es": "eslint",
      "compile": "gulp compile"
    },
    "author": "",
    "license": "ISC",
    "lint-staged": {
      "react/**/*.{js,jsx}": [
        "npm run lint-staged:es"
      ],
      "react/**/*.scss": "stylelint --syntax scss"
    },
    "husky": {
      "hooks": {
        "pre-commit": "lint-staged"
      }
    },
    "peerDependencies": {
      "@choerodon/boot": "0.20.x",
      "@choerodon/master": "0.20.x"
    }
  }

yarn manifest: 
  No manifest

Lockfile: 
  No lockfile
